<?xml version="1.0" encoding="UTF-8"?>
<!-- Generated by org.testng.reporters.JUnitXMLReporter -->
<testsuite ignored="0" hostname="DESKTOP-5FSGGV4" failures="1" tests="3" name="Run on chrome" time="19.045" errors="0" timestamp="07 Aug 2022 15:41:44 GMT">
  <testcase classname="com.nopcommerce.user.Level_20_Manage_Data4" name="User_01_Register" time="5.425"/>
  <testcase classname="com.nopcommerce.user.Level_20_Manage_Data4" name="User_02_Login" time="4.656"/>
  <testcase classname="com.nopcommerce.user.Level_20_Manage_Data4" name="User_03_My_Account" time="0.836">
    <failure type="java.lang.AssertionError" message="expected [false] but found [true]">
      <![CDATA[java.lang.AssertionError: expected [false] but found [true]
at com.nopcommerce.user.Level_20_Manage_Data4.User_03_My_Account(Level_20_Manage_Data4.java:133)
... Removed 29 stack frames]]>
    </failure>
  </testcase> <!-- User_03_My_Account -->
</testsuite> <!-- Run on chrome -->
